#
# A fatal error has been detected by the Java Runtime Environment:
#
#  EXCEPTION_ACCESS_VIOLATION (0xc0000005) at pc=0x000000006d8c95b2, pid=7020, tid=6440
#
# JRE version: 6.0_26-b03
# Java VM: Java HotSpot(TM) 64-Bit Server VM (20.1-b02 mixed mode windows-amd64 compressed oops)
# Problematic frame:
# V  [jvm.dll+0xd95b2]
#
# If you would like to submit a bug report, please visit:
#   http://java.sun.com/webapps/bugreport/crash.jsp
#

---------------  T H R E A D  ---------------

Current thread (0x000000000051f000):  VMThread [stack: 0x0000000006760000,0x0000000006860000] [id=6440]

siginfo: ExceptionCode=0xc0000005, reading address 0xffffffffffffffff

Registers:
RAX=0x00000000004aa890, RBX=0x000000000685fa60, RCX=0x000000000685fac8, RDX=0xffffffffffffca6e
RSP=0x000000000685f820, RBP=0x0000000000000000, RSI=0x000000000685fa60, RDI=0x000000000685fa60
R8 =0x03ffffffffffff29, R9 =0x000000000000002e, R10=0x0000000000020000, R11=0x000000000685f928
R12=0x000000006d8c9590, R13=0x0000000000000063, R14=0x000000006d7f0000, R15=0x0000000000000000
RIP=0x000000006d8c95b2, EFLAGS=0x0000000000010a03

Top of Stack: (sp=0x000000000685f820)
0x000000000685f820:   0100101026000000 0000000a00000005
0x000000000685f830:   0000000000000000 00000000004aa910
0x000000000685f840:   000000009caf63c3 000000006d8c9958
0x000000000685f850:   0000000000009a02 000000009caf63e8
0x000000000685f860:   00000000000000a7 000000000685fa60
0x000000000685f870:   0000000000000bca 000000006da334ff
0x000000000685f880:   0000000000000000 0000000000000000
0x000000000685f890:   0000000000000000 0000000000000000
0x000000000685f8a0:   00000000000000aa 0000000000000001
0x000000000685f8b0:   00000000004aab48 000000006d8cc4ae
0x000000000685f8c0:   0000000000000099 000000009caf63c3
0x000000000685f8d0:   0000000000000063 000000000685fa60
0x000000000685f8e0:   000000000051f860 0000006600000063
0x000000000685f8f0:   0000009900000357 0000000000000000
0x000000000685f900:   0000000000000099 000000000051f000
0x000000000685f910:   00000000000035d4 000000000051f000 

Instructions: (pc=0x000000006d8c95b2)
0x000000006d8c9592:   48 83 ec 20 48 63 d2 48 8b d9 48 83 c1 68 8a c2
0x000000006d8c95a2:   4c 8b c2 24 3f 49 c1 e8 06 44 0f b6 c8 48 8b 01
0x000000006d8c95b2:   4e 8b 04 c0 4d 0f a3 c8 72 0b 41 b0 01 e8 ec 93
0x000000006d8c95c2:   16 00 ff 43 64 48 83 c4 20 5b c3 cc cc cc 48 53 


Register to memory mapping:

RAX=0x00000000004aa890 is an unknown value
RBX=0x000000000685fa60 is an unknown value
RCX=0x000000000685fac8 is an unknown value
RDX=0xffffffffffffca6e is an unknown value
RSP=0x000000000685f820 is an unknown value
RBP=0x0000000000000000 is an unknown value
RSI=0x000000000685fa60 is an unknown value
RDI=0x000000000685fa60 is an unknown value
R8 =0x03ffffffffffff29 is an unknown value
R9 =0x000000000000002e is an unknown value
R10=0x0000000000020000 is an unknown value
R11=0x000000000685f928 is an unknown value
R12=0x000000006d8c9590 is an unknown value
R13=0x0000000000000063 is an unknown value
R14=0x000000006d7f0000 is an unknown value
R15=0x0000000000000000 is an unknown value


Stack: [0x0000000006760000,0x0000000006860000],  sp=0x000000000685f820,  free space=1022k
Native frames: (J=compiled Java code, j=interpreted, Vv=VM code, C=native code)
V  [jvm.dll+0xd95b2]

[error occurred during error reporting (printing native stack), id 0xc0000005]

VM_Operation (0x00000000074bf750): GetOrSetLocal, mode: safepoint, requested by thread 0x0000000006ac3000


---------------  P R O C E S S  ---------------

Java Threads: ( => current thread )
  0x0000000006ae4000 JavaThread "Low Memory Detector" daemon [_thread_blocked, id=6556, stack(0x0000000007af0000,0x0000000007bf0000)]
  0x0000000006adc000 JavaThread "C2 CompilerThread1" daemon [_thread_blocked, id=6148, stack(0x00000000079f0000,0x0000000007af0000)]
  0x0000000006ad5000 JavaThread "C2 CompilerThread0" daemon [_thread_blocked, id=3528, stack(0x00000000078f0000,0x00000000079f0000)]
  0x0000000006aca800 JavaThread "JDWP Command Reader" daemon [_thread_in_native, id=6904, stack(0x00000000077f0000,0x00000000078f0000)]
  0x0000000006ac9800 JavaThread "JDWP Event Helper Thread" daemon [_thread_blocked, id=6296, stack(0x00000000075f0000,0x00000000076f0000)]
  0x0000000006ac3000 JavaThread "JDWP Transport Listener: dt_socket" daemon [_thread_blocked, id=7092, stack(0x00000000073c0000,0x00000000074c0000)]
  0x0000000006ab5000 JavaThread "Attach Listener" daemon [_thread_blocked, id=6268, stack(0x0000000006d60000,0x0000000006e60000)]
  0x0000000006ab0000 JavaThread "Signal Dispatcher" daemon [_thread_blocked, id=6648, stack(0x0000000006c60000,0x0000000006d60000)]
  0x000000000052c800 JavaThread "Finalizer" daemon [_thread_blocked, id=5988, stack(0x0000000006960000,0x0000000006a60000)]
  0x0000000000525800 JavaThread "Reference Handler" daemon [_thread_blocked, id=6584, stack(0x0000000006860000,0x0000000006960000)]
  0x000000000031c800 JavaThread "main" [_thread_blocked, id=1448, stack(0x0000000002730000,0x0000000002830000)]

Other Threads:
=>0x000000000051f000 VMThread [stack: 0x0000000006760000,0x0000000006860000] [id=6440]
  0x0000000006b01800 WatcherThread [stack: 0x0000000007bf0000,0x0000000007cf0000] [id=4372]

VM state:at safepoint (normal execution)

VM Mutex/Monitor currently owned by a thread:  ([mutex/lock_event])
[0x000000000031aa90] Threads_lock - owner thread: 0x000000000051f000

Heap
 PSYoungGen      total 28224K, used 6797K [0x00000000e08b0000, 0x00000000e2820000, 0x0000000100000000)
  eden space 24256K, 28% used [0x00000000e08b0000,0x00000000e0f534c8,0x00000000e2060000)
  from space 3968K, 0% used [0x00000000e2440000,0x00000000e2440000,0x00000000e2820000)
  to   space 3968K, 0% used [0x00000000e2060000,0x00000000e2060000,0x00000000e2440000)
 PSOldGen        total 64448K, used 0K [0x00000000a1a00000, 0x00000000a58f0000, 0x00000000e08b0000)
  object space 64448K, 0% used [0x00000000a1a00000,0x00000000a1a00000,0x00000000a58f0000)
 PSPermGen       total 21248K, used 3039K [0x000000009c800000, 0x000000009dcc0000, 0x00000000a1a00000)
  object space 21248K, 14% used [0x000000009c800000,0x000000009caf7e50,0x000000009dcc0000)

Code Cache  [0x0000000002830000, 0x0000000002aa0000, 0x0000000005830000)
 total_blobs=207 nmethods=40 adapters=129 free_code_cache=49865408 largest_free_block=9024

Dynamic libraries:
0x0000000000400000 - 0x000000000042e000 	C:\Program Files\Java\jre6\bin\javaw.exe
0x0000000077240000 - 0x00000000773e9000 	C:\Windows\SYSTEM32\ntdll.dll
0x0000000076ec0000 - 0x0000000076fdf000 	C:\Windows\system32\kernel32.dll
0x000007fefcc30000 - 0x000007fefcc9c000 	C:\Windows\system32\KERNELBASE.dll
0x000007fefe490000 - 0x000007fefe56b000 	C:\Windows\system32\ADVAPI32.dll
0x000007fefdfe0000 - 0x000007fefe07f000 	C:\Windows\system32\msvcrt.dll
0x000007fefe470000 - 0x000007fefe48f000 	C:\Windows\SYSTEM32\sechost.dll
0x000007fefe880000 - 0x000007fefe9ad000 	C:\Windows\system32\RPCRT4.dll
0x0000000077140000 - 0x000000007723a000 	C:\Windows\system32\USER32.dll
0x000007fefdf70000 - 0x000007fefdfd7000 	C:\Windows\system32\GDI32.dll
0x000007fefde00000 - 0x000007fefde0e000 	C:\Windows\system32\LPK.dll
0x000007fefe3a0000 - 0x000007fefe469000 	C:\Windows\system32\USP10.dll
0x000007fefdef0000 - 0x000007fefdf1e000 	C:\Windows\system32\IMM32.DLL
0x000007fefe080000 - 0x000007fefe189000 	C:\Windows\system32\MSCTF.dll
0x000007fefcb40000 - 0x000007fefcb7c000 	C:\Windows\system32\nvinitx.dll
0x000000000f000000 - 0x000000000f006000 	C:\Program Files\NVIDIA Corporation\CoProcManager\_etoured.dll
0x000007fef9940000 - 0x000007fef9984000 	C:\Program Files\NVIDIA Corporation\CoProcManager\nvd3d9wrapx.dll
0x000007fefe6a0000 - 0x000007fefe877000 	C:\Windows\system32\SETUPAPI.dll
0x000007fefcce0000 - 0x000007fefcd16000 	C:\Windows\system32\CFGMGR32.dll
0x000007fefde10000 - 0x000007fefdee7000 	C:\Windows\system32\OLEAUT32.dll
0x000007fefe190000 - 0x000007fefe393000 	C:\Windows\system32\ole32.dll
0x000007fefcd20000 - 0x000007fefcd3a000 	C:\Windows\system32\DEVOBJ.dll
0x000007fef98f0000 - 0x000007fef9932000 	C:\Program Files\NVIDIA Corporation\CoProcManager\nvdxgiwrapx.dll
0x000000006d7f0000 - 0x000000006dfa8000 	C:\Program Files\Java\jre6\bin\server\jvm.dll
0x000007fefad10000 - 0x000007fefad4b000 	C:\Windows\system32\WINMM.dll
0x000000006d760000 - 0x000000006d76e000 	C:\Program Files\Java\jre6\bin\verify.dll
0x000000006d3b0000 - 0x000000006d3d7000 	C:\Program Files\Java\jre6\bin\java.dll
0x0000000077400000 - 0x0000000077407000 	C:\Windows\system32\PSAPI.DLL
0x000000006d420000 - 0x000000006d454000 	C:\Program Files\Java\jre6\bin\jdwp.dll
0x000000006d630000 - 0x000000006d638000 	C:\Program Files\Java\jre6\bin\npt.dll
0x000000006d7b0000 - 0x000000006d7c2000 	C:\Program Files\Java\jre6\bin\zip.dll
0x000000006d270000 - 0x000000006d279000 	C:\Program Files\Java\jre6\bin\dt_socket.dll
0x000007fefdf20000 - 0x000007fefdf6d000 	C:\Windows\system32\WS2_32.dll
0x000007fefe610000 - 0x000007fefe618000 	C:\Windows\system32\NSI.dll
0x000007fefad50000 - 0x000007fefad65000 	C:\Windows\system32\NLAapi.dll
0x000007fefb970000 - 0x000007fefb985000 	C:\Windows\system32\napinsp.dll
0x000007fefaed0000 - 0x000007fefaee9000 	C:\Windows\system32\pnrpnsp.dll
0x000007fefc370000 - 0x000007fefc3c5000 	C:\Windows\System32\mswsock.dll
0x000007fefc1f0000 - 0x000007fefc24b000 	C:\Windows\system32\DNSAPI.dll
0x000007fefb940000 - 0x000007fefb94b000 	C:\Windows\System32\winrnr.dll
0x000007fef8450000 - 0x000007fef847e000 	C:\Program Files\Common Files\Microsoft Shared\Windows Live\WLIDNSP.DLL
0x000007fefdd80000 - 0x000007fefddf1000 	C:\Windows\system32\SHLWAPI.dll
0x0000000071c80000 - 0x0000000071ca6000 	C:\Program Files\Bonjour\mdnsNSP.dll
0x000007fefa810000 - 0x000007fefa837000 	C:\Windows\system32\Iphlpapi.DLL
0x000007fefa800000 - 0x000007fefa80b000 	C:\Windows\system32\WINNSI.DLL
0x000007fefa640000 - 0x000007fefa693000 	C:\Windows\System32\fwpuclnt.dll
0x000007fef8230000 - 0x000007fef8238000 	C:\Windows\system32\rasadhlp.dll
0x000007fefbd00000 - 0x000007fefbd07000 	C:\Windows\System32\wshtcpip.dll
0x000007fef7930000 - 0x000007fef7a55000 	C:\Windows\system32\dbghelp.dll

VM Arguments:
jvm_args: -agentlib:jdwp=transport=dt_socket,suspend=y,address=localhost:3117 -Dfile.encoding=Cp1252 
java_command: com.action.Main
Launcher Type: SUN_STANDARD

Environment Variables:
JAVA_HOME=C:\Program Files\Java\jdk1.7.0
CLASSPATH=.;C:\Program Files (x86)\Java\jre6\lib\ext\QTJava.zip
PATH=C:\Program Files\Common Files\Microsoft Shared\Windows Live;C:\Program Files (x86)\Common Files\Microsoft Shared\Windows Live;C:\Windows\system32;C:\Windows;C:\Windows\System32\Wbem;C:\Windows\System32\WindowsPowerShell\v1.0\;C:\Program Files\Intel\WiFi\bin\;C:\Program Files\Common Files\Intel\WirelessCommon\;C:\Program Files (x86)\Windows Live\Shared;C:\Program Files (x86)\Common Files\Roxio Shared\DLLShared\;C:\Program Files (x86)\Common Files\Roxio Shared\OEM\DLLShared\;C:\Program Files (x86)\Common Files\Roxio Shared\OEM\DLLShared\;C:\Program Files (x86)\Common Files\Roxio Shared\OEM\12.0\DLLShared\;C:\Program Files (x86)\Roxio\OEM\AudioCore\;C:\android-sdk-windows\tools;c:\Program Files (x86)\Microsoft SQL Server\100\Tools\Binn\;c:\Program Files\Microsoft SQL Server\100\Tools\Binn\;c:\Program Files\Microsoft SQL Server\100\DTS\Binn\; C:\Program Files\Java\jdk1.7.0\bin; C:\Program Files\apache-ant-1.8.2\bin;C:\Program Files (x86)\QuickTime\QTSystem\;C:\Ruby192\bin
USERNAME=Ben Tiggelaar
OS=Windows_NT
PROCESSOR_IDENTIFIER=Intel64 Family 6 Model 42 Stepping 7, GenuineIntel



---------------  S Y S T E M  ---------------

OS: Windows 7 Build 7601 Service Pack 1

CPU:total 4 (2 cores per cpu, 2 threads per core) family 6 model 42 stepping 7, cmov, cx8, fxsr, mmx, sse, sse2, sse3, ssse3, sse4.1, sse4.2, popcnt, ht

Memory: 4k page, physical 6183084k(3302852k free), swap 12364320k(8682964k free)

vm_info: Java HotSpot(TM) 64-Bit Server VM (20.1-b02) for windows-amd64 JRE (1.6.0_26-b03), built on May  4 2011 07:15:24 by "java_re" with MS VC++ 8.0 (VS2005)

time: Sat Feb 18 15:52:13 2012
elapsed time: 753 seconds

